2023-05-10T06:35:21.426Z [application] info: [POST] /user
2023-05-10T06:35:21.668Z [application] error: error: null value in column "userid" of relation "userdata" violates not-null constraint
    at Parser.parseErrorMessage (C:\Users\10000275\IoT_Server\node_modules\pg-protocol\dist\parser.js:287:98)
    at Parser.handlePacket (C:\Users\10000275\IoT_Server\node_modules\pg-protocol\dist\parser.js:126:29)
    at Parser.parse (C:\Users\10000275\IoT_Server\node_modules\pg-protocol\dist\parser.js:39:38)
    at Socket.<anonymous> (C:\Users\10000275\IoT_Server\node_modules\pg-protocol\dist\index.js:11:42)
    at Socket.emit (node:events:513:28)
    at addChunk (node:internal/streams/readable:324:12)
    at readableAddChunk (node:internal/streams/readable:297:9)
    at Readable.push (node:internal/streams/readable:234:10)
    at TCP.onStreamRead (node:internal/stream_base_commons:190:23)
2023-05-10T06:37:27.740Z [application] info: [POST] /user
2023-05-10T06:37:27.895Z [application] error: error: null value in column "userid" of relation "userdata" violates not-null constraint
    at Parser.parseErrorMessage (C:\Users\10000275\IoT_Server\node_modules\pg-protocol\dist\parser.js:287:98)
    at Parser.handlePacket (C:\Users\10000275\IoT_Server\node_modules\pg-protocol\dist\parser.js:126:29)
    at Parser.parse (C:\Users\10000275\IoT_Server\node_modules\pg-protocol\dist\parser.js:39:38)
    at Socket.<anonymous> (C:\Users\10000275\IoT_Server\node_modules\pg-protocol\dist\index.js:11:42)
    at Socket.emit (node:events:513:28)
    at addChunk (node:internal/streams/readable:324:12)
    at readableAddChunk (node:internal/streams/readable:297:9)
    at Readable.push (node:internal/streams/readable:234:10)
    at TCP.onStreamRead (node:internal/stream_base_commons:190:23)
2023-05-10T06:38:26.171Z [application] info: [POST] /user
2023-05-10T06:38:26.329Z [application] error: error: null value in column "userid" of relation "userdata" violates not-null constraint
    at Parser.parseErrorMessage (C:\Users\10000275\IoT_Server\node_modules\pg-protocol\dist\parser.js:287:98)
    at Parser.handlePacket (C:\Users\10000275\IoT_Server\node_modules\pg-protocol\dist\parser.js:126:29)
    at Parser.parse (C:\Users\10000275\IoT_Server\node_modules\pg-protocol\dist\parser.js:39:38)
    at Socket.<anonymous> (C:\Users\10000275\IoT_Server\node_modules\pg-protocol\dist\index.js:11:42)
    at Socket.emit (node:events:513:28)
    at addChunk (node:internal/streams/readable:324:12)
    at readableAddChunk (node:internal/streams/readable:297:9)
    at Readable.push (node:internal/streams/readable:234:10)
    at TCP.onStreamRead (node:internal/stream_base_commons:190:23)
2023-05-10T06:39:14.459Z [application] info: [POST] /user
2023-05-10T06:39:14.612Z [application] error: error: null value in column "userid" of relation "userdata" violates not-null constraint
    at Parser.parseErrorMessage (C:\Users\10000275\IoT_Server\node_modules\pg-protocol\dist\parser.js:287:98)
    at Parser.handlePacket (C:\Users\10000275\IoT_Server\node_modules\pg-protocol\dist\parser.js:126:29)
    at Parser.parse (C:\Users\10000275\IoT_Server\node_modules\pg-protocol\dist\parser.js:39:38)
    at Socket.<anonymous> (C:\Users\10000275\IoT_Server\node_modules\pg-protocol\dist\index.js:11:42)
    at Socket.emit (node:events:513:28)
    at addChunk (node:internal/streams/readable:324:12)
    at readableAddChunk (node:internal/streams/readable:297:9)
    at Readable.push (node:internal/streams/readable:234:10)
    at TCP.onStreamRead (node:internal/stream_base_commons:190:23)
2023-05-10T06:39:41.146Z [application] info: [POST] /user
2023-05-10T06:39:41.303Z [application] error: error: null value in column "userid" of relation "userdata" violates not-null constraint
    at Parser.parseErrorMessage (C:\Users\10000275\IoT_Server\node_modules\pg-protocol\dist\parser.js:287:98)
    at Parser.handlePacket (C:\Users\10000275\IoT_Server\node_modules\pg-protocol\dist\parser.js:126:29)
    at Parser.parse (C:\Users\10000275\IoT_Server\node_modules\pg-protocol\dist\parser.js:39:38)
    at Socket.<anonymous> (C:\Users\10000275\IoT_Server\node_modules\pg-protocol\dist\index.js:11:42)
    at Socket.emit (node:events:513:28)
    at addChunk (node:internal/streams/readable:324:12)
    at readableAddChunk (node:internal/streams/readable:297:9)
    at Readable.push (node:internal/streams/readable:234:10)
    at TCP.onStreamRead (node:internal/stream_base_commons:190:23)
2023-05-10T06:43:29.716Z [application] info: [POST] /user
2023-05-10T06:43:29.872Z [application] error: error: null value in column "userid" of relation "userdata" violates not-null constraint
    at Parser.parseErrorMessage (C:\Users\10000275\IoT_Server\node_modules\pg-protocol\dist\parser.js:287:98)
    at Parser.handlePacket (C:\Users\10000275\IoT_Server\node_modules\pg-protocol\dist\parser.js:126:29)
    at Parser.parse (C:\Users\10000275\IoT_Server\node_modules\pg-protocol\dist\parser.js:39:38)
    at Socket.<anonymous> (C:\Users\10000275\IoT_Server\node_modules\pg-protocol\dist\index.js:11:42)
    at Socket.emit (node:events:513:28)
    at addChunk (node:internal/streams/readable:324:12)
    at readableAddChunk (node:internal/streams/readable:297:9)
    at Readable.push (node:internal/streams/readable:234:10)
    at TCP.onStreamRead (node:internal/stream_base_commons:190:23)
2023-05-10T06:44:31.866Z [application] info: [POST] /user
2023-05-10T06:44:32.023Z [application] error: error: null value in column "userid" of relation "userdata" violates not-null constraint
    at Parser.parseErrorMessage (C:\Users\10000275\IoT_Server\node_modules\pg-protocol\dist\parser.js:287:98)
    at Parser.handlePacket (C:\Users\10000275\IoT_Server\node_modules\pg-protocol\dist\parser.js:126:29)
    at Parser.parse (C:\Users\10000275\IoT_Server\node_modules\pg-protocol\dist\parser.js:39:38)
    at Socket.<anonymous> (C:\Users\10000275\IoT_Server\node_modules\pg-protocol\dist\index.js:11:42)
    at Socket.emit (node:events:513:28)
    at addChunk (node:internal/streams/readable:324:12)
    at readableAddChunk (node:internal/streams/readable:297:9)
    at Readable.push (node:internal/streams/readable:234:10)
    at TCP.onStreamRead (node:internal/stream_base_commons:190:23)
2023-05-10T06:46:38.568Z [application] info: [POST] /user
2023-05-10T06:46:38.732Z [application] error: error: null value in column "userid" of relation "userdata" violates not-null constraint
    at Parser.parseErrorMessage (C:\Users\10000275\IoT_Server\node_modules\pg-protocol\dist\parser.js:287:98)
    at Parser.handlePacket (C:\Users\10000275\IoT_Server\node_modules\pg-protocol\dist\parser.js:126:29)
    at Parser.parse (C:\Users\10000275\IoT_Server\node_modules\pg-protocol\dist\parser.js:39:38)
    at Socket.<anonymous> (C:\Users\10000275\IoT_Server\node_modules\pg-protocol\dist\index.js:11:42)
    at Socket.emit (node:events:513:28)
    at addChunk (node:internal/streams/readable:324:12)
    at readableAddChunk (node:internal/streams/readable:297:9)
    at Readable.push (node:internal/streams/readable:234:10)
    at TCP.onStreamRead (node:internal/stream_base_commons:190:23)
2023-05-10T06:47:56.974Z [application] info: [POST] /user
2023-05-10T06:47:57.165Z [application] info: [POST] /
2023-05-10T06:49:54.278Z [application] info: [POST] /user
2023-05-10T07:01:16.303Z [application] info: [POST] /user
2023-05-10T07:01:16.465Z [application] error: ReferenceError: timestamp is not defined
    at C:\Users\10000275\IoT_Server\controllers\userController.js:33:51
    at Query.callback (C:\Users\10000275\IoT_Server\node_modules\pg-pool\index.js:421:20)
    at Query.handleError (C:\Users\10000275\IoT_Server\node_modules\pg\lib\query.js:128:19)
    at Client._handleErrorMessage (C:\Users\10000275\IoT_Server\node_modules\pg\lib\client.js:348:17)
    at Connection.emit (node:events:513:28)
    at C:\Users\10000275\IoT_Server\node_modules\pg\lib\connection.js:116:12
    at Parser.parse (C:\Users\10000275\IoT_Server\node_modules\pg-protocol\dist\parser.js:40:17)
    at Socket.<anonymous> (C:\Users\10000275\IoT_Server\node_modules\pg-protocol\dist\index.js:11:42)
    at Socket.emit (node:events:513:28)
    at addChunk (node:internal/streams/readable:324:12)
2023-05-10T07:02:44.979Z [application] info: [POST] /user
2023-05-10T07:02:45.147Z [application] error: terjadi error..
2023-05-10T07:02:45.151Z [application] info: [POST] /
2023-05-10T07:04:00.623Z [application] info: [POST] /user --response
2023-05-10T07:04:00.788Z [application] error: terjadi error..
2023-05-10T07:04:00.792Z [application] info: [POST] /
2023-05-10T07:04:52.734Z [application] info: [POST] /user --response
2023-05-10T07:04:52.899Z [application] error: terjadi error..
2023-05-10T07:04:52.903Z [application] info: [POST] /
2023-05-10T07:07:49.054Z [application] error: terjadi error..
2023-05-10T07:07:49.059Z [application] info: [POST] /
2023-05-10T07:09:18.879Z [application] error: null value in column "userid" of relation "userdata" violates not-null constraint
2023-05-10T07:09:18.884Z [application] info: [POST] /
2023-05-10T07:10:59.186Z [application] error: null value in column "userid" of relation "userdata" violates not-null constraint [object Object]
2023-05-10T07:10:59.191Z [application] info: [POST] /
2023-05-10T07:16:13.501Z [application] error: null value in column "userid" of relation "userdata" violates not-null constraint
2023-05-10T07:16:13.511Z [application] info: [POST] /
2023-05-10T07:17:11.637Z [application] error: null value in column "userid" of relation "userdata" violates not-null constraint req: [object Object]
2023-05-10T07:17:11.642Z [application] info: [POST] /
2023-05-10T07:17:32.950Z [application] error: null value in column "userid" of relation "userdata" violates not-null constraint req: [object Object]
2023-05-10T07:17:32.952Z [application] info: [POST] /
2023-05-10T07:20:07.749Z [application] error: null value in column "userid" of relation "userdata" violates not-null constraint req: {"email":"david@gmail.com","username":"David Ivan","role":"U","password":"123456"}
2023-05-10T07:20:07.757Z [application] info: [POST] /
2023-05-10T07:32:13.520Z [application] error: null value in column "userid" of relation "userdata" violates not-null constraint 
req: {"email":"david@gmail.com","username":"David Ivan","role":"U","password":"123456"}
2023-05-10T07:32:13.525Z [application] info: [POST] /
2023-05-10T07:33:11.770Z [application] error: null value in column "userid" of relation "userdata" violates not-null constraint 
	req: {"email":"david@gmail.com","username":"David Ivan","role":"U","password":"123456"}
2023-05-10T07:33:11.774Z [application] info: [POST] /
2023-05-10T07:34:05.574Z [application] error: null value in column "userid" of relation "userdata" violates not-null constraint 
						req: {"email":"david@gmail.com","username":"David Ivan","role":"U","password":"123456"}
2023-05-10T07:34:05.578Z [application] info: [POST] /
2023-05-10T07:34:52.703Z [application] error: null value in column "userid" of relation "userdata" violates not-null constraint 
										req: {"email":"david@gmail.com","username":"David Ivan","role":"U","password":"123456"}
2023-05-10T07:34:52.707Z [application] info: [POST] /
2023-05-10T07:38:40.542Z [application] error: null value in column "userid" of relation "userdata" violates not-null constraint,
                                       req: {"email":"david@gmail.com","username":"David Ivan","role":"U","password":"123456"}
2023-05-10T07:38:40.547Z [application] info: [POST] /
2023-05-10T07:42:47.206Z [application] error: null value in column "userid" of relation "userdata" violates not-null constraint,
                                       req: {"email":"david@gmail.com","username":"David Ivan","role":"U","password":"123456"}
2023-05-10T07:42:47.211Z [application] info: [POST] /
2023-05-10T07:48:41.095Z [application] error: TypeError: Cannot read properties of undefined (reading 'body')
    at errhandler (C:\Users\10000275\IoT_Server\controllers\userController.js:7:72)
    at Query.callback (C:\Users\10000275\IoT_Server\node_modules\pg-pool\index.js:421:20)
    at Query.handleError (C:\Users\10000275\IoT_Server\node_modules\pg\lib\query.js:128:19)
    at Client._handleErrorMessage (C:\Users\10000275\IoT_Server\node_modules\pg\lib\client.js:348:17)
    at Connection.emit (node:events:513:28)
    at C:\Users\10000275\IoT_Server\node_modules\pg\lib\connection.js:116:12
    at Parser.parse (C:\Users\10000275\IoT_Server\node_modules\pg-protocol\dist\parser.js:40:17)
    at Socket.<anonymous> (C:\Users\10000275\IoT_Server\node_modules\pg-protocol\dist\index.js:11:42)
    at Socket.emit (node:events:513:28)
    at addChunk (node:internal/streams/readable:324:12)
2023-05-10T07:51:51.066Z [application] error: TypeError: Cannot read properties of undefined (reading 'body')
    at errhandler (C:\Users\10000275\IoT_Server\controllers\userController.js:7:72)
    at Query.callback (C:\Users\10000275\IoT_Server\node_modules\pg-pool\index.js:421:20)
    at Query.handleError (C:\Users\10000275\IoT_Server\node_modules\pg\lib\query.js:128:19)
    at Client._handleErrorMessage (C:\Users\10000275\IoT_Server\node_modules\pg\lib\client.js:348:17)
    at Connection.emit (node:events:513:28)
    at C:\Users\10000275\IoT_Server\node_modules\pg\lib\connection.js:116:12
    at Parser.parse (C:\Users\10000275\IoT_Server\node_modules\pg-protocol\dist\parser.js:40:17)
    at Socket.<anonymous> (C:\Users\10000275\IoT_Server\node_modules\pg-protocol\dist\index.js:11:42)
    at Socket.emit (node:events:513:28)
    at addChunk (node:internal/streams/readable:324:12)
2023-05-10T07:53:30.749Z [application] error: Unhandled Rejection at: Promise [object Promise], reason: ReferenceError: error is not defined
2023-05-10T07:56:01.084Z [application] error: null value in column "userid" of relation "userdata" violates not-null constraint,
                                       req: {"email":"david@gmail.com","username":"David Ivan","role":"U","password":"123456"}
2023-05-10T07:56:01.089Z [application] info: [POST] /
2023-05-10T07:57:15.050Z [application] error: TypeError: Cannot read properties of undefined (reading 'body')
    at C:\Users\10000275\IoT_Server\controllers\userController.js:40:76
    at Query.callback (C:\Users\10000275\IoT_Server\node_modules\pg-pool\index.js:421:20)
    at Query.handleError (C:\Users\10000275\IoT_Server\node_modules\pg\lib\query.js:128:19)
    at Client._handleErrorMessage (C:\Users\10000275\IoT_Server\node_modules\pg\lib\client.js:348:17)
    at Connection.emit (node:events:513:28)
    at C:\Users\10000275\IoT_Server\node_modules\pg\lib\connection.js:116:12
    at Parser.parse (C:\Users\10000275\IoT_Server\node_modules\pg-protocol\dist\parser.js:40:17)
    at Socket.<anonymous> (C:\Users\10000275\IoT_Server\node_modules\pg-protocol\dist\index.js:11:42)
    at Socket.emit (node:events:513:28)
    at addChunk (node:internal/streams/readable:324:12)
2023-05-10T08:08:55.260Z [application] error: TypeError: Cannot read properties of undefined (reading 'body')
    at handleQueryResult (C:\Users\10000275\IoT_Server\controllers\userController.js:18:76)
    at Query.callback (C:\Users\10000275\IoT_Server\node_modules\pg-pool\index.js:421:20)
    at Query.handleError (C:\Users\10000275\IoT_Server\node_modules\pg\lib\query.js:128:19)
    at Client._handleErrorMessage (C:\Users\10000275\IoT_Server\node_modules\pg\lib\client.js:348:17)
    at Connection.emit (node:events:513:28)
    at C:\Users\10000275\IoT_Server\node_modules\pg\lib\connection.js:116:12
    at Parser.parse (C:\Users\10000275\IoT_Server\node_modules\pg-protocol\dist\parser.js:40:17)
    at Socket.<anonymous> (C:\Users\10000275\IoT_Server\node_modules\pg-protocol\dist\index.js:11:42)
    at Socket.emit (node:events:513:28)
    at addChunk (node:internal/streams/readable:324:12)
2023-05-10T08:12:17.554Z [application] error: undefined,
                                       req: undefined
2023-05-10T08:13:40.312Z [application] error: undefined,
                                       req: tanpa request...
2023-05-10T08:14:56.225Z [application] error: Unhandled Rejection at: Promise [object Promise], reason: ReferenceError: error is not defined
2023-05-10T08:16:58.219Z [application] error: null value in column "userid" of relation "userdata" violates not-null constraint,
                                       req: {"email":"david@gmail.com","username":"David Ivan","role":"U","password":"123456"}
2023-05-10T08:16:58.224Z [application] info: [POST] /
2023-05-10T08:30:16.213Z [application] error: null value in column "userid" of relation "userdata" violates not-null constraint,
                                       req: {"email":"david@gmail.com","username":"David Ivan","role":"U","password":"123456"}
2023-05-10T08:31:30.201Z [application] error: null value in column "userid" of relation "userdata" violates not-null constraint,
                                       req: {"email":"david@gmail.com","username":"David Ivan","role":"U","password":"123456"}
2023-05-10T08:32:26.466Z [application] error: null value in column "userid" of relation "userdata" violates not-null constraint,
                                       req: {"email":"david@gmail.com","username":"David Ivan","role":"U","password":"123456"}
2023-05-10T08:34:28.448Z [application] error: null value in column "userid" of relation "userdata" violates not-null constraint,
                                       req: {"email":"david@gmail.com","username":"David Ivan","role":"U","password":"123456"}
2023-05-10T08:39:36.679Z [application] error: duplicate key value violates unique constraint "user_pkey",
                                       req: {"userid":"DAVID","email":"david@gmail.com","username":"David Ivan","role":"U","password":"123456"}
2023-05-10T08:40:37.983Z [application] error: ReferenceError: logger is not defined
    at handleQueryError (C:\Users\10000275\IoT_Server\controllers\scheduleController.js:3:3)
    at C:\Users\10000275\IoT_Server\controllers\scheduleController.js:36:9
    at Query.callback (C:\Users\10000275\IoT_Server\node_modules\pg-pool\index.js:421:20)
    at Query.handleError (C:\Users\10000275\IoT_Server\node_modules\pg\lib\query.js:128:19)
    at Client._handleErrorMessage (C:\Users\10000275\IoT_Server\node_modules\pg\lib\client.js:348:17)
    at Connection.emit (node:events:513:28)
    at C:\Users\10000275\IoT_Server\node_modules\pg\lib\connection.js:116:12
    at Parser.parse (C:\Users\10000275\IoT_Server\node_modules\pg-protocol\dist\parser.js:40:17)
    at Socket.<anonymous> (C:\Users\10000275\IoT_Server\node_modules\pg-protocol\dist\index.js:11:42)
    at Socket.emit (node:events:513:28)
2023-05-10T08:42:32.880Z [application] error: null value in column "schedid" of relation "schedule" violates not-null constraint,
                                       req: {"schedtype":"P","schedtime":5}
2023-05-10T08:42:32.892Z [application] info: [POST] /
2023-05-10T08:45:32.883Z [application] error: null value in column "schedid" of relation "schedule" violates not-null constraint,
                                       req: {"schedtype":"P","schedtime":5}
2023-05-10T08:45:32.888Z [application] info: [POST] /
2023-05-10T08:47:48.610Z [application] error: null value in column "schedid" of relation "schedule" violates not-null constraint,
                                       req: {"schedtype":"P","schedtime":5}
2023-05-10T08:47:48.616Z [application] info: [POST] /
2023-05-10T08:52:31.584Z [application] error: null value in column "schedid" of relation "schedule" violates not-null constraint,
                                       req: {"schedtype":"P","schedtime":5}
2023-05-10T08:52:31.588Z [application] info: [POST] /
2023-05-10T09:00:02.740Z [application] error: null value in column "userid" of relation "userdata" violates not-null constraint,
                                       req: {"email":"david@gmail.com","username":"David Ivan","role":"U","password":"123456"}
2023-05-10T09:00:02.745Z [application] info: [POST] /
